<?xml version="1.0" encoding="UTF-8"?>
<testsuite xmlns:xsi="http://www.w3.org/2001/XMLSchema-instance" xsi:noNamespaceSchemaLocation="https://maven.apache.org/surefire/maven-surefire-plugin/xsd/surefire-test-report.xsd" version="3.0.2" name="com.tut1.springboot.learn_spring_boot.LearnSpringBootApplicationTests" time="12.512" tests="1" errors="0" skipped="0" failures="0">
  <properties>
[...]
</properties>
  <testcase name="contextLoads" classname="com.tut1.springboot.learn_spring_boot.LearnSpringBootApplicationTests" time="2.428">
    <system-out><![CDATA[16:59:41.045 [main] INFO org.springframework.test.context.support.AnnotationConfigContextLoaderUtils -- Could not detect default configuration classes for test class [com.tut1.springboot.learn_spring_boot.LearnSpringBootApplicationTests]: LearnSpringBootApplicationTests does not declare any static, non-private, non-final, nested classes annotated with @Configuration.
16:59:41.372 [main] INFO org.springframework.boot.test.context.SpringBootTestContextBootstrapper -- Found @SpringBootConfiguration com.tut1.springboot.learn_spring_boot.LearnSpringBootApplication for test class com.tut1.springboot.learn_spring_boot.LearnSpringBootApplicationTests
16:59:41.798 [main] INFO org.springframework.boot.devtools.restart.RestartApplicationListener -- Restart disabled due to context in which it is running

  .   ____          _            __ _ _
 /\\ / ___'_ __ _ _(_)_ __  __ _ \ \ \ \
( ( )\___ | '_ | '_| | '_ \/ _` | \ \ \ \
 \\/  ___)| |_)| | | | | || (_| |  ) ) ) )
  '  |____| .__|_| |_|_| |_\__, | / / / /
 =========|_|==============|___/=/_/_/_/

 :: Spring Boot ::             (v3.4.0-M1)

2024-08-10T16:59:42.870+05:30  INFO 3739 --- [           main] c.t.s.l.LearnSpringBootApplicationTests  : Starting LearnSpringBootApplicationTests using Java 21.0.3 with PID 3739 (started by rishabh in /home/rishabh/Downloads/learn-spring-boot)
2024-08-10T16:59:42.873+05:30  INFO 3739 --- [           main] c.t.s.l.LearnSpringBootApplicationTests  : The following 1 profile is active: "prod"
2024-08-10T16:59:49.159+05:30  INFO 3739 --- [           main] o.s.b.a.e.web.EndpointLinksResolver      : Exposing 14 endpoints beneath base path '/actuator'
2024-08-10T16:59:49.292+05:30  INFO 3739 --- [           main] c.t.s.l.LearnSpringBootApplicationTests  : Started LearnSpringBootApplicationTests in 7.544 seconds (process running for 10.994)
]]></system-out>
    <system-err><![CDATA[WARNING: A Java agent has been loaded dynamically (/home/rishabh/.m2/repository/net/bytebuddy/byte-buddy-agent/1.14.18/byte-buddy-agent-1.14.18.jar)
WARNING: If a serviceability tool is in use, please run with -XX:+EnableDynamicAgentLoading to hide this warning
WARNING: If a serviceability tool is not in use, please run with -Djdk.instrument.traceUsage for more information
WARNING: Dynamic loading of agents will be disallowed by default in a future release
]]></system-err>
  </testcase>
</testsuite>